{"/Users/fahadkhalid/almedia_task/src/config/providers.config.ts": {"path":"/Users/fahadkhalid/almedia_task/src/config/providers.config.ts","statementMap":{"0":{"start":{"line":40,"column":0},"end":{"line":40,"column":16}},"1":{"start":{"line":2,"column":0},"end":{"line":2,"column":62}},"2":{"start":{"line":3,"column":0},"end":{"line":3,"column":62}},"3":{"start":{"line":4,"column":0},"end":{"line":4,"column":88}},"4":{"start":{"line":5,"column":0},"end":{"line":5,"column":74}},"5":{"start":{"line":17,"column":13},"end":{"line":34,"column":2}},"6":{"start":{"line":41,"column":38},"end":{"line":41,"column":40}},"7":{"start":{"line":43,"column":2},"end":{"line":69,"column":3}},"8":{"start":{"line":44,"column":4},"end":{"line":47,"column":5}},"9":{"start":{"line":45,"column":6},"end":{"line":45,"column":75}},"10":{"start":{"line":46,"column":6},"end":{"line":46,"column":15}},"11":{"start":{"line":50,"column":26},"end":{"line":50,"column":56}},"12":{"start":{"line":51,"column":4},"end":{"line":55,"column":5}},"13":{"start":{"line":52,"column":6},"end":{"line":52,"column":56}},"14":{"start":{"line":54,"column":6},"end":{"line":54,"column":68}},"15":{"start":{"line":71,"column":2},"end":{"line":71,"column":19}},"16":{"start":{"line":78,"column":63},"end":{"line":82,"column":2}}},"fnMap":{"0":{"name":"createProviders","decl":{"start":{"line":40,"column":16},"end":{"line":40,"column":31}},"loc":{"start":{"line":40,"column":57},"end":{"line":72,"column":1}}}},"branchMap":{"0":{"loc":{"start":{"line":20,"column":13},"end":{"line":20,"column":76}},"type":"binary-expr","locations":[{"start":{"line":20,"column":13},"end":{"line":20,"column":49}},{"start":{"line":20,"column":53},"end":{"line":20,"column":76}}]},"1":{"loc":{"start":{"line":25,"column":13},"end":{"line":25,"column":76}},"type":"binary-expr","locations":[{"start":{"line":25,"column":13},"end":{"line":25,"column":49}},{"start":{"line":25,"column":53},"end":{"line":25,"column":76}}]},"2":{"loc":{"start":{"line":44,"column":4},"end":{"line":47,"column":5}},"type":"if","locations":[{"start":{"line":44,"column":4},"end":{"line":47,"column":5}},{"start":{},"end":{}}]},"3":{"loc":{"start":{"line":51,"column":4},"end":{"line":55,"column":5}},"type":"if","locations":[{"start":{"line":51,"column":4},"end":{"line":55,"column":5}},{"start":{"line":53,"column":11},"end":{"line":55,"column":5}}]}},"s":{"0":1,"1":1,"2":1,"3":1,"4":1,"5":1,"6":5,"7":5,"8":7,"9":1,"10":1,"11":6,"12":6,"13":5,"14":1,"15":5,"16":1},"f":{"0":5},"b":{"0":[1,1],"1":[1,1],"2":[1,6],"3":[5,1]}}
,"/Users/fahadkhalid/almedia_task/src/constants/api.constants.ts": {"path":"/Users/fahadkhalid/almedia_task/src/constants/api.constants.ts","statementMap":{"0":{"start":{"line":6,"column":13},"end":{"line":10,"column":11}},"1":{"start":{"line":13,"column":13},"end":{"line":17,"column":11}},"2":{"start":{"line":20,"column":13},"end":{"line":24,"column":11}},"3":{"start":{"line":27,"column":13},"end":{"line":34,"column":11}},"4":{"start":{"line":37,"column":13},"end":{"line":45,"column":11}}},"fnMap":{},"branchMap":{},"s":{"0":6,"1":6,"2":6,"3":6,"4":6},"f":{},"b":{}}
,"/Users/fahadkhalid/almedia_task/src/constants/error.constants.ts": {"path":"/Users/fahadkhalid/almedia_task/src/constants/error.constants.ts","statementMap":{"0":{"start":{"line":6,"column":13},"end":{"line":14,"column":11}},"1":{"start":{"line":17,"column":13},"end":{"line":26,"column":11}},"2":{"start":{"line":19,"column":4},"end":{"line":19,"column":59}},"3":{"start":{"line":21,"column":4},"end":{"line":21,"column":62}},"4":{"start":{"line":23,"column":4},"end":{"line":23,"column":53}},"5":{"start":{"line":25,"column":4},"end":{"line":25,"column":57}},"6":{"start":{"line":29,"column":13},"end":{"line":32,"column":11}},"7":{"start":{"line":30,"column":34},"end":{"line":30,"column":57}},"8":{"start":{"line":31,"column":39},"end":{"line":31,"column":71}}},"fnMap":{"0":{"name":"(anonymous_0)","decl":{"start":{"line":18,"column":16},"end":{"line":18,"column":17}},"loc":{"start":{"line":19,"column":4},"end":{"line":19,"column":59}}},"1":{"name":"(anonymous_1)","decl":{"start":{"line":20,"column":20},"end":{"line":20,"column":21}},"loc":{"start":{"line":21,"column":4},"end":{"line":21,"column":62}}},"2":{"name":"(anonymous_2)","decl":{"start":{"line":22,"column":21},"end":{"line":22,"column":22}},"loc":{"start":{"line":23,"column":4},"end":{"line":23,"column":53}}},"3":{"name":"(anonymous_3)","decl":{"start":{"line":24,"column":15},"end":{"line":24,"column":16}},"loc":{"start":{"line":25,"column":4},"end":{"line":25,"column":57}}},"4":{"name":"(anonymous_4)","decl":{"start":{"line":30,"column":15},"end":{"line":30,"column":16}},"loc":{"start":{"line":30,"column":34},"end":{"line":30,"column":57}}},"5":{"name":"(anonymous_5)","decl":{"start":{"line":31,"column":20},"end":{"line":31,"column":21}},"loc":{"start":{"line":31,"column":39},"end":{"line":31,"column":71}}}},"branchMap":{},"s":{"0":6,"1":6,"2":3,"3":1,"4":1,"5":1,"6":6,"7":2,"8":1},"f":{"0":3,"1":1,"2":1,"3":1,"4":2,"5":1},"b":{}}
,"/Users/fahadkhalid/almedia_task/src/constants/index.ts": {"path":"/Users/fahadkhalid/almedia_task/src/constants/index.ts","statementMap":{"0":{"start":{"line":6,"column":0},"end":{"line":6,"column":39}},"1":{"start":{"line":7,"column":0},"end":{"line":7,"column":34}},"2":{"start":{"line":8,"column":0},"end":{"line":8,"column":36}},"3":{"start":{"line":9,"column":0},"end":{"line":9,"column":32}}},"fnMap":{},"branchMap":{},"s":{"0":5,"1":5,"2":5,"3":5},"f":{},"b":{}}
,"/Users/fahadkhalid/almedia_task/src/constants/logging.constants.ts": {"path":"/Users/fahadkhalid/almedia_task/src/constants/logging.constants.ts","statementMap":{"0":{"start":{"line":6,"column":13},"end":{"line":21,"column":11}},"1":{"start":{"line":8,"column":4},"end":{"line":8,"column":65}},"2":{"start":{"line":10,"column":4},"end":{"line":10,"column":42}},"3":{"start":{"line":12,"column":4},"end":{"line":12,"column":46}},"4":{"start":{"line":14,"column":4},"end":{"line":14,"column":53}},"5":{"start":{"line":16,"column":4},"end":{"line":16,"column":55}},"6":{"start":{"line":18,"column":4},"end":{"line":18,"column":58}},"7":{"start":{"line":20,"column":4},"end":{"line":20,"column":45}},"8":{"start":{"line":24,"column":13},"end":{"line":36,"column":11}},"9":{"start":{"line":26,"column":45},"end":{"line":26,"column":74}},"10":{"start":{"line":27,"column":35},"end":{"line":27,"column":61}},"11":{"start":{"line":28,"column":35},"end":{"line":28,"column":61}},"12":{"start":{"line":29,"column":37},"end":{"line":29,"column":65}},"13":{"start":{"line":30,"column":35},"end":{"line":30,"column":61}},"14":{"start":{"line":31,"column":38},"end":{"line":31,"column":67}},"15":{"start":{"line":33,"column":38},"end":{"line":33,"column":72}},"16":{"start":{"line":34,"column":34},"end":{"line":34,"column":64}},"17":{"start":{"line":35,"column":34},"end":{"line":35,"column":64}},"18":{"start":{"line":39,"column":13},"end":{"line":42,"column":11}},"19":{"start":{"line":41,"column":4},"end":{"line":41,"column":49}}},"fnMap":{"0":{"name":"(anonymous_0)","decl":{"start":{"line":7,"column":17},"end":{"line":7,"column":18}},"loc":{"start":{"line":8,"column":4},"end":{"line":8,"column":65}}},"1":{"name":"(anonymous_1)","decl":{"start":{"line":9,"column":19},"end":{"line":9,"column":20}},"loc":{"start":{"line":10,"column":4},"end":{"line":10,"column":42}}},"2":{"name":"(anonymous_2)","decl":{"start":{"line":11,"column":23},"end":{"line":11,"column":24}},"loc":{"start":{"line":12,"column":4},"end":{"line":12,"column":46}}},"3":{"name":"(anonymous_3)","decl":{"start":{"line":13,"column":21},"end":{"line":13,"column":22}},"loc":{"start":{"line":14,"column":4},"end":{"line":14,"column":53}}},"4":{"name":"(anonymous_4)","decl":{"start":{"line":15,"column":17},"end":{"line":15,"column":18}},"loc":{"start":{"line":16,"column":4},"end":{"line":16,"column":55}}},"5":{"name":"(anonymous_5)","decl":{"start":{"line":17,"column":22},"end":{"line":17,"column":23}},"loc":{"start":{"line":18,"column":4},"end":{"line":18,"column":58}}},"6":{"name":"(anonymous_6)","decl":{"start":{"line":19,"column":24},"end":{"line":19,"column":25}},"loc":{"start":{"line":20,"column":4},"end":{"line":20,"column":45}}},"7":{"name":"(anonymous_7)","decl":{"start":{"line":26,"column":19},"end":{"line":26,"column":20}},"loc":{"start":{"line":26,"column":45},"end":{"line":26,"column":74}}},"8":{"name":"(anonymous_8)","decl":{"start":{"line":27,"column":16},"end":{"line":27,"column":17}},"loc":{"start":{"line":27,"column":35},"end":{"line":27,"column":61}}},"9":{"name":"(anonymous_9)","decl":{"start":{"line":28,"column":16},"end":{"line":28,"column":17}},"loc":{"start":{"line":28,"column":35},"end":{"line":28,"column":61}}},"10":{"name":"(anonymous_10)","decl":{"start":{"line":29,"column":18},"end":{"line":29,"column":19}},"loc":{"start":{"line":29,"column":37},"end":{"line":29,"column":65}}},"11":{"name":"(anonymous_11)","decl":{"start":{"line":30,"column":16},"end":{"line":30,"column":17}},"loc":{"start":{"line":30,"column":35},"end":{"line":30,"column":61}}},"12":{"name":"(anonymous_12)","decl":{"start":{"line":31,"column":19},"end":{"line":31,"column":20}},"loc":{"start":{"line":31,"column":38},"end":{"line":31,"column":67}}},"13":{"name":"(anonymous_13)","decl":{"start":{"line":33,"column":19},"end":{"line":33,"column":20}},"loc":{"start":{"line":33,"column":38},"end":{"line":33,"column":72}}},"14":{"name":"(anonymous_14)","decl":{"start":{"line":34,"column":15},"end":{"line":34,"column":16}},"loc":{"start":{"line":34,"column":34},"end":{"line":34,"column":64}}},"15":{"name":"(anonymous_15)","decl":{"start":{"line":35,"column":15},"end":{"line":35,"column":16}},"loc":{"start":{"line":35,"column":34},"end":{"line":35,"column":64}}},"16":{"name":"(anonymous_16)","decl":{"start":{"line":40,"column":21},"end":{"line":40,"column":22}},"loc":{"start":{"line":41,"column":4},"end":{"line":41,"column":49}}}},"branchMap":{},"s":{"0":6,"1":5,"2":11,"3":10,"4":9,"5":7,"6":6,"7":2,"8":6,"9":7,"10":7,"11":7,"12":11,"13":7,"14":3,"15":5,"16":5,"17":5,"18":6,"19":2},"f":{"0":5,"1":11,"2":10,"3":9,"4":7,"5":6,"6":2,"7":7,"8":7,"9":7,"10":11,"11":7,"12":3,"13":5,"14":5,"15":5,"16":2},"b":{}}
,"/Users/fahadkhalid/almedia_task/src/constants/validation.constants.ts": {"path":"/Users/fahadkhalid/almedia_task/src/constants/validation.constants.ts","statementMap":{"0":{"start":{"line":6,"column":13},"end":{"line":13,"column":11}},"1":{"start":{"line":16,"column":13},"end":{"line":20,"column":11}},"2":{"start":{"line":23,"column":13},"end":{"line":27,"column":11}},"3":{"start":{"line":30,"column":13},"end":{"line":56,"column":11}}},"fnMap":{},"branchMap":{},"s":{"0":6,"1":6,"2":6,"3":6},"f":{},"b":{}}
,"/Users/fahadkhalid/almedia_task/src/jobs/offer-sync.job.ts": {"path":"/Users/fahadkhalid/almedia_task/src/jobs/offer-sync.job.ts","statementMap":{"0":{"start":{"line":2,"column":0},"end":{"line":2,"column":63}},"1":{"start":{"line":4,"column":0},"end":{"line":4,"column":80}},"2":{"start":{"line":5,"column":0},"end":{"line":5,"column":58}},"3":{"start":{"line":25,"column":4},"end":{"line":25,"column":42}},"4":{"start":{"line":26,"column":4},"end":{"line":26,"column":37}},"5":{"start":{"line":35,"column":37},"end":{"line":42,"column":6}},"6":{"start":{"line":44,"column":4},"end":{"line":107,"column":5}},"7":{"start":{"line":46,"column":6},"end":{"line":46,"column":71}},"8":{"start":{"line":47,"column":22},"end":{"line":47,"column":50}},"9":{"start":{"line":50,"column":6},"end":{"line":50,"column":75}},"10":{"start":{"line":51,"column":32},"end":{"line":51,"column":65}},"11":{"start":{"line":52,"column":6},"end":{"line":52,"column":52}},"12":{"start":{"line":54,"column":6},"end":{"line":57,"column":7}},"13":{"start":{"line":55,"column":8},"end":{"line":55,"column":78}},"14":{"start":{"line":56,"column":8},"end":{"line":56,"column":22}},"15":{"start":{"line":60,"column":6},"end":{"line":60,"column":99}},"16":{"start":{"line":61,"column":32},"end":{"line":61,"column":79}},"17":{"start":{"line":64,"column":35},"end":{"line":64,"column":37}},"18":{"start":{"line":65,"column":71},"end":{"line":65,"column":73}},"19":{"start":{"line":67,"column":6},"end":{"line":85,"column":9}},"20":{"start":{"line":68,"column":22},"end":{"line":68,"column":46}},"21":{"start":{"line":70,"column":8},"end":{"line":84,"column":9}},"22":{"start":{"line":71,"column":10},"end":{"line":71,"column":34}},"23":{"start":{"line":72,"column":10},"end":{"line":72,"column":31}},"24":{"start":{"line":74,"column":10},"end":{"line":77,"column":13}},"25":{"start":{"line":78,"column":10},"end":{"line":78,"column":33}},"26":{"start":{"line":81,"column":33},"end":{"line":81,"column":170}},"27":{"start":{"line":82,"column":10},"end":{"line":82,"column":39}},"28":{"start":{"line":83,"column":10},"end":{"line":83,"column":45}},"29":{"start":{"line":88,"column":6},"end":{"line":101,"column":7}},"30":{"start":{"line":89,"column":8},"end":{"line":89,"column":91}},"31":{"start":{"line":90,"column":8},"end":{"line":98,"column":9}},"32":{"start":{"line":91,"column":30},"end":{"line":91,"column":77}},"33":{"start":{"line":92,"column":10},"end":{"line":92,"column":50}},"34":{"start":{"line":93,"column":10},"end":{"line":93,"column":98}},"35":{"start":{"line":95,"column":31},"end":{"line":95,"column":138}},"36":{"start":{"line":96,"column":10},"end":{"line":96,"column":38}},"37":{"start":{"line":97,"column":10},"end":{"line":97,"column":43}},"38":{"start":{"line":100,"column":8},"end":{"line":100,"column":75}},"39":{"start":{"line":104,"column":27},"end":{"line":104,"column":140}},"40":{"start":{"line":105,"column":6},"end":{"line":105,"column":34}},"41":{"start":{"line":106,"column":6},"end":{"line":106,"column":39}},"42":{"start":{"line":109,"column":4},"end":{"line":109,"column":18}},"43":{"start":{"line":118,"column":40},"end":{"line":118,"column":42}},"44":{"start":{"line":120,"column":4},"end":{"line":120,"column":62}},"45":{"start":{"line":122,"column":4},"end":{"line":137,"column":5}},"46":{"start":{"line":123,"column":6},"end":{"line":136,"column":7}},"47":{"start":{"line":124,"column":23},"end":{"line":124,"column":59}},"48":{"start":{"line":125,"column":8},"end":{"line":125,"column":29}},"49":{"start":{"line":127,"column":8},"end":{"line":127,"column":136}},"50":{"start":{"line":128,"column":8},"end":{"line":135,"column":11}},"51":{"start":{"line":140,"column":4},"end":{"line":140,"column":31}},"52":{"start":{"line":142,"column":4},"end":{"line":142,"column":19}},"53":{"start":{"line":149,"column":4},"end":{"line":149,"column":41}},"54":{"start":{"line":151,"column":22},"end":{"line":151,"column":23}},"55":{"start":{"line":152,"column":21},"end":{"line":152,"column":22}},"56":{"start":{"line":153,"column":23},"end":{"line":153,"column":24}},"57":{"start":{"line":154,"column":21},"end":{"line":154,"column":22}},"58":{"start":{"line":156,"column":4},"end":{"line":171,"column":7}},"59":{"start":{"line":157,"column":6},"end":{"line":157,"column":73}},"60":{"start":{"line":158,"column":6},"end":{"line":158,"column":69}},"61":{"start":{"line":159,"column":6},"end":{"line":159,"column":69}},"62":{"start":{"line":160,"column":6},"end":{"line":160,"column":73}},"63":{"start":{"line":161,"column":6},"end":{"line":161,"column":69}},"64":{"start":{"line":163,"column":6},"end":{"line":165,"column":7}},"65":{"start":{"line":164,"column":8},"end":{"line":164,"column":76}},"66":{"start":{"line":167,"column":6},"end":{"line":167,"column":40}},"67":{"start":{"line":168,"column":6},"end":{"line":168,"column":39}},"68":{"start":{"line":169,"column":6},"end":{"line":169,"column":43}},"69":{"start":{"line":170,"column":6},"end":{"line":170,"column":39}},"70":{"start":{"line":173,"column":4},"end":{"line":173,"column":49}},"71":{"start":{"line":174,"column":4},"end":{"line":174,"column":63}},"72":{"start":{"line":175,"column":4},"end":{"line":175,"column":58}},"73":{"start":{"line":176,"column":4},"end":{"line":176,"column":63}},"74":{"start":{"line":177,"column":4},"end":{"line":177,"column":58}},"75":{"start":{"line":178,"column":4},"end":{"line":178,"column":51}},"76":{"start":{"line":20,"column":0},"end":{"line":20,"column":13}}},"fnMap":{"0":{"name":"(anonymous_0)","decl":{"start":{"line":24,"column":2},"end":{"line":24,"column":14}},"loc":{"start":{"line":24,"column":40},"end":{"line":27,"column":3}}},"1":{"name":"(anonymous_1)","decl":{"start":{"line":34,"column":2},"end":{"line":34,"column":7}},"loc":{"start":{"line":34,"column":48},"end":{"line":110,"column":3}}},"2":{"name":"(anonymous_2)","decl":{"start":{"line":67,"column":32},"end":{"line":67,"column":33}},"loc":{"start":{"line":67,"column":60},"end":{"line":85,"column":7}}},"3":{"name":"(anonymous_3)","decl":{"start":{"line":117,"column":2},"end":{"line":117,"column":7}},"loc":{"start":{"line":117,"column":52},"end":{"line":143,"column":3}}},"4":{"name":"(anonymous_4)","decl":{"start":{"line":148,"column":10},"end":{"line":148,"column":22}},"loc":{"start":{"line":148,"column":50},"end":{"line":179,"column":3}}},"5":{"name":"(anonymous_5)","decl":{"start":{"line":156,"column":20},"end":{"line":156,"column":21}},"loc":{"start":{"line":156,"column":31},"end":{"line":171,"column":5}}}},"branchMap":{"0":{"loc":{"start":{"line":54,"column":6},"end":{"line":57,"column":7}},"type":"if","locations":[{"start":{"line":54,"column":6},"end":{"line":57,"column":7}},{"start":{},"end":{}}]},"1":{"loc":{"start":{"line":70,"column":8},"end":{"line":84,"column":9}},"type":"if","locations":[{"start":{"line":70,"column":8},"end":{"line":84,"column":9}},{"start":{"line":73,"column":15},"end":{"line":84,"column":9}}]},"2":{"loc":{"start":{"line":88,"column":6},"end":{"line":101,"column":7}},"type":"if","locations":[{"start":{"line":88,"column":6},"end":{"line":101,"column":7}},{"start":{"line":99,"column":13},"end":{"line":101,"column":7}}]},"3":{"loc":{"start":{"line":95,"column":82},"end":{"line":95,"column":136}},"type":"cond-expr","locations":[{"start":{"line":95,"column":107},"end":{"line":95,"column":120}},{"start":{"line":95,"column":123},"end":{"line":95,"column":136}}]},"4":{"loc":{"start":{"line":104,"column":84},"end":{"line":104,"column":138}},"type":"cond-expr","locations":[{"start":{"line":104,"column":109},"end":{"line":104,"column":122}},{"start":{"line":104,"column":125},"end":{"line":104,"column":138}}]},"5":{"loc":{"start":{"line":127,"column":79},"end":{"line":127,"column":133}},"type":"cond-expr","locations":[{"start":{"line":127,"column":104},"end":{"line":127,"column":117}},{"start":{"line":127,"column":120},"end":{"line":127,"column":133}}]},"6":{"loc":{"start":{"line":134,"column":42},"end":{"line":134,"column":96}},"type":"cond-expr","locations":[{"start":{"line":134,"column":67},"end":{"line":134,"column":80}},{"start":{"line":134,"column":83},"end":{"line":134,"column":96}}]},"7":{"loc":{"start":{"line":163,"column":6},"end":{"line":165,"column":7}},"type":"if","locations":[{"start":{"line":163,"column":6},"end":{"line":165,"column":7}},{"start":{},"end":{}}]}},"s":{"0":1,"1":1,"2":1,"3":9,"4":9,"5":10,"6":10,"7":10,"8":10,"9":9,"10":9,"11":9,"12":9,"13":1,"14":1,"15":8,"16":8,"17":8,"18":8,"19":8,"20":9,"21":9,"22":7,"23":7,"24":2,"25":2,"26":2,"27":2,"28":2,"29":8,"30":6,"31":6,"32":6,"33":5,"34":5,"35":1,"36":1,"37":1,"38":2,"39":1,"40":1,"41":1,"42":9,"43":4,"44":4,"45":4,"46":6,"47":6,"48":5,"49":1,"50":1,"51":4,"52":4,"53":4,"54":4,"55":4,"56":4,"57":4,"58":4,"59":6,"60":6,"61":6,"62":6,"63":6,"64":6,"65":2,"66":6,"67":6,"68":6,"69":6,"70":4,"71":4,"72":4,"73":4,"74":4,"75":4,"76":1},"f":{"0":9,"1":10,"2":9,"3":4,"4":4,"5":6},"b":{"0":[1,8],"1":[7,2],"2":[6,2],"3":[1,0],"4":[1,0],"5":[1,0],"6":[1,0],"7":[2,4]}}
,"/Users/fahadkhalid/almedia_task/src/providers/base.provider.ts": {"path":"/Users/fahadkhalid/almedia_task/src/providers/base.provider.ts","statementMap":{"0":{"start":{"line":36,"column":4},"end":{"line":36,"column":27}},"1":{"start":{"line":31,"column":0},"end":{"line":31,"column":22}}},"fnMap":{"0":{"name":"(anonymous_0)","decl":{"start":{"line":35,"column":2},"end":{"line":35,"column":14}},"loc":{"start":{"line":35,"column":29},"end":{"line":37,"column":3}}}},"branchMap":{},"s":{"0":22,"1":3},"f":{"0":22},"b":{}}
,"/Users/fahadkhalid/almedia_task/src/providers/offer1.provider.ts": {"path":"/Users/fahadkhalid/almedia_task/src/providers/offer1.provider.ts","statementMap":{"0":{"start":{"line":1,"column":0},"end":{"line":1,"column":52}},"1":{"start":{"line":2,"column":0},"end":{"line":2,"column":43}},"2":{"start":{"line":3,"column":0},"end":{"line":3,"column":55}},"3":{"start":{"line":4,"column":0},"end":{"line":4,"column":76}},"4":{"start":{"line":5,"column":0},"end":{"line":5,"column":60}},"5":{"start":{"line":51,"column":4},"end":{"line":51,"column":19}},"6":{"start":{"line":48,"column":11},"end":{"line":48,"column":48}},"7":{"start":{"line":57,"column":21},"end":{"line":57,"column":46}},"8":{"start":{"line":58,"column":4},"end":{"line":60,"column":5}},"9":{"start":{"line":59,"column":6},"end":{"line":59,"column":92}},"10":{"start":{"line":61,"column":4},"end":{"line":61,"column":52}},"11":{"start":{"line":65,"column":4},"end":{"line":67,"column":5}},"12":{"start":{"line":66,"column":6},"end":{"line":66,"column":16}},"13":{"start":{"line":69,"column":4},"end":{"line":106,"column":7}},"14":{"start":{"line":70,"column":31},"end":{"line":70,"column":42}},"15":{"start":{"line":72,"column":6},"end":{"line":72,"column":56}},"16":{"start":{"line":73,"column":6},"end":{"line":73,"column":47}},"17":{"start":{"line":74,"column":6},"end":{"line":74,"column":61}},"18":{"start":{"line":75,"column":6},"end":{"line":75,"column":60}},"19":{"start":{"line":76,"column":6},"end":{"line":76,"column":65}},"20":{"start":{"line":77,"column":6},"end":{"line":77,"column":57}},"21":{"start":{"line":78,"column":6},"end":{"line":78,"column":64}},"22":{"start":{"line":79,"column":6},"end":{"line":79,"column":56}},"23":{"start":{"line":82,"column":23},"end":{"line":82,"column":52}},"24":{"start":{"line":83,"column":21},"end":{"line":83,"column":48}},"25":{"start":{"line":85,"column":6},"end":{"line":103,"column":7}},"26":{"start":{"line":86,"column":8},"end":{"line":86,"column":39}},"27":{"start":{"line":87,"column":8},"end":{"line":87,"column":39}},"28":{"start":{"line":88,"column":8},"end":{"line":88,"column":35}},"29":{"start":{"line":89,"column":13},"end":{"line":103,"column":7}},"30":{"start":{"line":90,"column":8},"end":{"line":90,"column":39}},"31":{"start":{"line":91,"column":8},"end":{"line":97,"column":9}},"32":{"start":{"line":92,"column":10},"end":{"line":92,"column":41}},"33":{"start":{"line":93,"column":10},"end":{"line":93,"column":37}},"34":{"start":{"line":95,"column":10},"end":{"line":95,"column":41}},"35":{"start":{"line":96,"column":10},"end":{"line":96,"column":37}},"36":{"start":{"line":100,"column":8},"end":{"line":100,"column":39}},"37":{"start":{"line":101,"column":8},"end":{"line":101,"column":39}},"38":{"start":{"line":102,"column":8},"end":{"line":102,"column":35}},"39":{"start":{"line":105,"column":6},"end":{"line":105,"column":30}},"40":{"start":{"line":47,"column":0},"end":{"line":47,"column":13}}},"fnMap":{"0":{"name":"(anonymous_0)","decl":{"start":{"line":50,"column":2},"end":{"line":50,"column":14}},"loc":{"start":{"line":50,"column":29},"end":{"line":52,"column":3}}},"1":{"name":"(anonymous_1)","decl":{"start":{"line":54,"column":2},"end":{"line":54,"column":7}},"loc":{"start":{"line":54,"column":19},"end":{"line":62,"column":3}}},"2":{"name":"(anonymous_2)","decl":{"start":{"line":64,"column":2},"end":{"line":64,"column":17}},"loc":{"start":{"line":64,"column":40},"end":{"line":107,"column":3}}},"3":{"name":"(anonymous_3)","decl":{"start":{"line":69,"column":39},"end":{"line":69,"column":40}},"loc":{"start":{"line":69,"column":49},"end":{"line":106,"column":5}}}},"branchMap":{"0":{"loc":{"start":{"line":58,"column":4},"end":{"line":60,"column":5}},"type":"if","locations":[{"start":{"line":58,"column":4},"end":{"line":60,"column":5}},{"start":{},"end":{}}]},"1":{"loc":{"start":{"line":65,"column":4},"end":{"line":67,"column":5}},"type":"if","locations":[{"start":{"line":65,"column":4},"end":{"line":67,"column":5}},{"start":{},"end":{}}]},"2":{"loc":{"start":{"line":65,"column":8},"end":{"line":65,"column":77}},"type":"binary-expr","locations":[{"start":{"line":65,"column":8},"end":{"line":65,"column":34}},{"start":{"line":65,"column":38},"end":{"line":65,"column":77}}]},"3":{"loc":{"start":{"line":75,"column":37},"end":{"line":75,"column":59}},"type":"binary-expr","locations":[{"start":{"line":75,"column":37},"end":{"line":75,"column":53}},{"start":{"line":75,"column":57},"end":{"line":75,"column":59}}]},"4":{"loc":{"start":{"line":76,"column":38},"end":{"line":76,"column":64}},"type":"binary-expr","locations":[{"start":{"line":76,"column":38},"end":{"line":76,"column":58}},{"start":{"line":76,"column":62},"end":{"line":76,"column":64}}]},"5":{"loc":{"start":{"line":77,"column":35},"end":{"line":77,"column":56}},"type":"binary-expr","locations":[{"start":{"line":77,"column":35},"end":{"line":77,"column":50}},{"start":{"line":77,"column":54},"end":{"line":77,"column":56}}]},"6":{"loc":{"start":{"line":78,"column":42},"end":{"line":78,"column":63}},"type":"binary-expr","locations":[{"start":{"line":78,"column":42},"end":{"line":78,"column":57}},{"start":{"line":78,"column":61},"end":{"line":78,"column":63}}]},"7":{"loc":{"start":{"line":85,"column":6},"end":{"line":103,"column":7}},"type":"if","locations":[{"start":{"line":85,"column":6},"end":{"line":103,"column":7}},{"start":{"line":89,"column":13},"end":{"line":103,"column":7}}]},"8":{"loc":{"start":{"line":89,"column":13},"end":{"line":103,"column":7}},"type":"if","locations":[{"start":{"line":89,"column":13},"end":{"line":103,"column":7}},{"start":{"line":98,"column":13},"end":{"line":103,"column":7}}]},"9":{"loc":{"start":{"line":91,"column":8},"end":{"line":97,"column":9}},"type":"if","locations":[{"start":{"line":91,"column":8},"end":{"line":97,"column":9}},{"start":{"line":94,"column":15},"end":{"line":97,"column":9}}]}},"s":{"0":2,"1":2,"2":2,"3":2,"4":2,"5":13,"6":13,"7":2,"8":2,"9":1,"10":1,"11":7,"12":1,"13":6,"14":5,"15":5,"16":5,"17":5,"18":5,"19":5,"20":5,"21":5,"22":5,"23":5,"24":5,"25":5,"26":1,"27":1,"28":1,"29":4,"30":3,"31":3,"32":2,"33":2,"34":1,"35":1,"36":1,"37":1,"38":1,"39":5,"40":2},"f":{"0":13,"1":2,"2":7,"3":5},"b":{"0":[1,1],"1":[1,6],"2":[7,6],"3":[5,0],"4":[5,0],"5":[5,0],"6":[5,0],"7":[1,4],"8":[3,1],"9":[2,1]}}
,"/Users/fahadkhalid/almedia_task/src/providers/offer2.provider.ts": {"path":"/Users/fahadkhalid/almedia_task/src/providers/offer2.provider.ts","statementMap":{"0":{"start":{"line":1,"column":0},"end":{"line":1,"column":52}},"1":{"start":{"line":2,"column":0},"end":{"line":2,"column":43}},"2":{"start":{"line":3,"column":0},"end":{"line":3,"column":55}},"3":{"start":{"line":4,"column":0},"end":{"line":4,"column":76}},"4":{"start":{"line":5,"column":0},"end":{"line":5,"column":60}},"5":{"start":{"line":78,"column":4},"end":{"line":78,"column":19}},"6":{"start":{"line":75,"column":11},"end":{"line":75,"column":48}},"7":{"start":{"line":82,"column":21},"end":{"line":82,"column":46}},"8":{"start":{"line":83,"column":4},"end":{"line":85,"column":5}},"9":{"start":{"line":84,"column":6},"end":{"line":84,"column":92}},"10":{"start":{"line":86,"column":17},"end":{"line":86,"column":55}},"11":{"start":{"line":88,"column":4},"end":{"line":90,"column":5}},"12":{"start":{"line":89,"column":6},"end":{"line":89,"column":100}},"13":{"start":{"line":92,"column":4},"end":{"line":92,"column":16}},"14":{"start":{"line":96,"column":4},"end":{"line":98,"column":5}},"15":{"start":{"line":97,"column":6},"end":{"line":97,"column":16}},"16":{"start":{"line":100,"column":4},"end":{"line":121,"column":7}},"17":{"start":{"line":101,"column":24},"end":{"line":101,"column":38}},"18":{"start":{"line":102,"column":21},"end":{"line":102,"column":32}},"19":{"start":{"line":104,"column":31},"end":{"line":104,"column":42}},"20":{"start":{"line":106,"column":6},"end":{"line":106,"column":74}},"21":{"start":{"line":107,"column":6},"end":{"line":107,"column":45}},"22":{"start":{"line":108,"column":6},"end":{"line":108,"column":59}},"23":{"start":{"line":109,"column":6},"end":{"line":109,"column":65}},"24":{"start":{"line":110,"column":6},"end":{"line":110,"column":67}},"25":{"start":{"line":111,"column":6},"end":{"line":111,"column":56}},"26":{"start":{"line":112,"column":6},"end":{"line":112,"column":71}},"27":{"start":{"line":113,"column":6},"end":{"line":113,"column":56}},"28":{"start":{"line":116,"column":6},"end":{"line":116,"column":54}},"29":{"start":{"line":117,"column":6},"end":{"line":117,"column":58}},"30":{"start":{"line":118,"column":6},"end":{"line":118,"column":50}},"31":{"start":{"line":120,"column":6},"end":{"line":120,"column":30}},"32":{"start":{"line":74,"column":0},"end":{"line":74,"column":13}}},"fnMap":{"0":{"name":"(anonymous_0)","decl":{"start":{"line":77,"column":2},"end":{"line":77,"column":14}},"loc":{"start":{"line":77,"column":29},"end":{"line":79,"column":3}}},"1":{"name":"(anonymous_1)","decl":{"start":{"line":81,"column":2},"end":{"line":81,"column":7}},"loc":{"start":{"line":81,"column":19},"end":{"line":93,"column":3}}},"2":{"name":"(anonymous_2)","decl":{"start":{"line":95,"column":2},"end":{"line":95,"column":17}},"loc":{"start":{"line":95,"column":40},"end":{"line":122,"column":3}}},"3":{"name":"(anonymous_3)","decl":{"start":{"line":100,"column":43},"end":{"line":100,"column":44}},"loc":{"start":{"line":100,"column":56},"end":{"line":121,"column":5}}}},"branchMap":{"0":{"loc":{"start":{"line":83,"column":4},"end":{"line":85,"column":5}},"type":"if","locations":[{"start":{"line":83,"column":4},"end":{"line":85,"column":5}},{"start":{},"end":{}}]},"1":{"loc":{"start":{"line":88,"column":4},"end":{"line":90,"column":5}},"type":"if","locations":[{"start":{"line":88,"column":4},"end":{"line":90,"column":5}},{"start":{},"end":{}}]},"2":{"loc":{"start":{"line":96,"column":4},"end":{"line":98,"column":5}},"type":"if","locations":[{"start":{"line":96,"column":4},"end":{"line":98,"column":5}},{"start":{},"end":{}}]},"3":{"loc":{"start":{"line":96,"column":8},"end":{"line":96,"column":58}},"type":"binary-expr","locations":[{"start":{"line":96,"column":8},"end":{"line":96,"column":22}},{"start":{"line":96,"column":26},"end":{"line":96,"column":58}}]},"4":{"loc":{"start":{"line":109,"column":37},"end":{"line":109,"column":64}},"type":"binary-expr","locations":[{"start":{"line":109,"column":37},"end":{"line":109,"column":58}},{"start":{"line":109,"column":62},"end":{"line":109,"column":64}}]},"5":{"loc":{"start":{"line":110,"column":38},"end":{"line":110,"column":66}},"type":"binary-expr","locations":[{"start":{"line":110,"column":38},"end":{"line":110,"column":60}},{"start":{"line":110,"column":64},"end":{"line":110,"column":66}}]},"6":{"loc":{"start":{"line":111,"column":35},"end":{"line":111,"column":55}},"type":"binary-expr","locations":[{"start":{"line":111,"column":35},"end":{"line":111,"column":49}},{"start":{"line":111,"column":53},"end":{"line":111,"column":55}}]},"7":{"loc":{"start":{"line":112,"column":42},"end":{"line":112,"column":70}},"type":"binary-expr","locations":[{"start":{"line":112,"column":42},"end":{"line":112,"column":64}},{"start":{"line":112,"column":68},"end":{"line":112,"column":70}}]},"8":{"loc":{"start":{"line":116,"column":35},"end":{"line":116,"column":53}},"type":"cond-expr","locations":[{"start":{"line":116,"column":48},"end":{"line":116,"column":49}},{"start":{"line":116,"column":52},"end":{"line":116,"column":53}}]},"9":{"loc":{"start":{"line":117,"column":35},"end":{"line":117,"column":57}},"type":"cond-expr","locations":[{"start":{"line":117,"column":52},"end":{"line":117,"column":53}},{"start":{"line":117,"column":56},"end":{"line":117,"column":57}}]},"10":{"loc":{"start":{"line":118,"column":31},"end":{"line":118,"column":49}},"type":"cond-expr","locations":[{"start":{"line":118,"column":44},"end":{"line":118,"column":45}},{"start":{"line":118,"column":48},"end":{"line":118,"column":49}}]}},"s":{"0":2,"1":2,"2":2,"3":2,"4":2,"5":9,"6":9,"7":3,"8":3,"9":1,"10":2,"11":2,"12":1,"13":1,"14":5,"15":1,"16":4,"17":3,"18":3,"19":3,"20":3,"21":3,"22":3,"23":3,"24":3,"25":3,"26":3,"27":3,"28":3,"29":3,"30":3,"31":3,"32":2},"f":{"0":9,"1":3,"2":5,"3":3},"b":{"0":[1,2],"1":[1,1],"2":[1,4],"3":[5,4],"4":[3,0],"5":[3,0],"6":[3,0],"7":[3,0],"8":[2,1],"9":[1,2],"10":[2,1]}}
,"/Users/fahadkhalid/almedia_task/src/services/offer.service.ts": {"path":"/Users/fahadkhalid/almedia_task/src/services/offer.service.ts","statementMap":{"0":{"start":{"line":1,"column":0},"end":{"line":1,"column":43}},"1":{"start":{"line":10,"column":22},"end":{"line":10,"column":44}},"2":{"start":{"line":11,"column":4},"end":{"line":11,"column":59}},"3":{"start":{"line":22,"column":26},"end":{"line":24,"column":6}},"4":{"start":{"line":26,"column":4},"end":{"line":33,"column":5}},"5":{"start":{"line":28,"column":6},"end":{"line":28,"column":42}},"6":{"start":{"line":29,"column":6},"end":{"line":29,"column":60}},"7":{"start":{"line":32,"column":6},"end":{"line":32,"column":52}},"8":{"start":{"line":42,"column":4},"end":{"line":44,"column":5}},"9":{"start":{"line":43,"column":6},"end":{"line":43,"column":16}},"10":{"start":{"line":46,"column":4},"end":{"line":64,"column":7}},"11":{"start":{"line":47,"column":25},"end":{"line":47,"column":72}},"12":{"start":{"line":48,"column":35},"end":{"line":48,"column":37}},"13":{"start":{"line":50,"column":6},"end":{"line":61,"column":7}},"14":{"start":{"line":51,"column":30},"end":{"line":53,"column":10}},"15":{"start":{"line":55,"column":8},"end":{"line":60,"column":9}},"16":{"start":{"line":56,"column":10},"end":{"line":56,"column":46}},"17":{"start":{"line":57,"column":10},"end":{"line":57,"column":65}},"18":{"start":{"line":59,"column":10},"end":{"line":59,"column":57}},"19":{"start":{"line":63,"column":6},"end":{"line":63,"column":25}},"20":{"start":{"line":73,"column":4},"end":{"line":75,"column":7}},"21":{"start":{"line":84,"column":4},"end":{"line":86,"column":7}},"22":{"start":{"line":7,"column":0},"end":{"line":7,"column":13}}},"fnMap":{"0":{"name":"(anonymous_0)","decl":{"start":{"line":10,"column":2},"end":{"line":10,"column":22}},"loc":{"start":{"line":10,"column":44},"end":{"line":12,"column":3}}},"1":{"name":"(anonymous_1)","decl":{"start":{"line":20,"column":2},"end":{"line":20,"column":7}},"loc":{"start":{"line":20,"column":30},"end":{"line":34,"column":3}}},"2":{"name":"(anonymous_2)","decl":{"start":{"line":41,"column":2},"end":{"line":41,"column":7}},"loc":{"start":{"line":41,"column":34},"end":{"line":65,"column":3}}},"3":{"name":"(anonymous_3)","decl":{"start":{"line":46,"column":45},"end":{"line":46,"column":50}},"loc":{"start":{"line":46,"column":82},"end":{"line":64,"column":5}}},"4":{"name":"(anonymous_4)","decl":{"start":{"line":72,"column":2},"end":{"line":72,"column":7}},"loc":{"start":{"line":72,"column":31},"end":{"line":76,"column":3}}},"5":{"name":"(anonymous_5)","decl":{"start":{"line":83,"column":2},"end":{"line":83,"column":7}},"loc":{"start":{"line":83,"column":43},"end":{"line":87,"column":3}}}},"branchMap":{"0":{"loc":{"start":{"line":26,"column":4},"end":{"line":33,"column":5}},"type":"if","locations":[{"start":{"line":26,"column":4},"end":{"line":33,"column":5}},{"start":{"line":30,"column":11},"end":{"line":33,"column":5}}]},"1":{"loc":{"start":{"line":42,"column":4},"end":{"line":44,"column":5}},"type":"if","locations":[{"start":{"line":42,"column":4},"end":{"line":44,"column":5}},{"start":{},"end":{}}]},"2":{"loc":{"start":{"line":55,"column":8},"end":{"line":60,"column":9}},"type":"if","locations":[{"start":{"line":55,"column":8},"end":{"line":60,"column":9}},{"start":{"line":58,"column":15},"end":{"line":60,"column":9}}]}},"s":{"0":1,"1":17,"2":17,"3":5,"4":4,"5":2,"6":2,"7":2,"8":6,"9":1,"10":5,"11":4,"12":4,"13":4,"14":7,"15":7,"16":3,"17":3,"18":4,"19":3,"20":3,"21":3,"22":1},"f":{"0":17,"1":5,"2":6,"3":4,"4":3,"5":3},"b":{"0":[2,2],"1":[1,5],"2":[3,4]}}
,"/Users/fahadkhalid/almedia_task/src/utils/slug.generator.ts": {"path":"/Users/fahadkhalid/almedia_task/src/utils/slug.generator.ts","statementMap":{"0":{"start":{"line":6,"column":0},"end":{"line":6,"column":16}},"1":{"start":{"line":7,"column":2},"end":{"line":9,"column":3}},"2":{"start":{"line":8,"column":4},"end":{"line":8,"column":14}},"3":{"start":{"line":11,"column":2},"end":{"line":19,"column":24}}},"fnMap":{"0":{"name":"generateSlug","decl":{"start":{"line":6,"column":16},"end":{"line":6,"column":28}},"loc":{"start":{"line":6,"column":41},"end":{"line":20,"column":1}}}},"branchMap":{"0":{"loc":{"start":{"line":7,"column":2},"end":{"line":9,"column":3}},"type":"if","locations":[{"start":{"line":7,"column":2},"end":{"line":9,"column":3}},{"start":{},"end":{}}]}},"s":{"0":4,"1":17,"2":3,"3":14},"f":{"0":17},"b":{"0":[3,14]}}
,"/Users/fahadkhalid/almedia_task/src/validators/offer.validator.ts": {"path":"/Users/fahadkhalid/almedia_task/src/validators/offer.validator.ts","statementMap":{"0":{"start":{"line":2,"column":0},"end":{"line":2,"column":null}},"1":{"start":{"line":23,"column":29},"end":{"line":23,"column":31}},"2":{"start":{"line":26,"column":4},"end":{"line":30,"column":5}},"3":{"start":{"line":27,"column":6},"end":{"line":27,"column":57}},"4":{"start":{"line":28,"column":11},"end":{"line":30,"column":5}},"5":{"start":{"line":29,"column":6},"end":{"line":29,"column":57}},"6":{"start":{"line":32,"column":4},"end":{"line":36,"column":5}},"7":{"start":{"line":33,"column":6},"end":{"line":33,"column":57}},"8":{"start":{"line":34,"column":11},"end":{"line":36,"column":5}},"9":{"start":{"line":35,"column":6},"end":{"line":35,"column":57}},"10":{"start":{"line":38,"column":4},"end":{"line":40,"column":5}},"11":{"start":{"line":39,"column":6},"end":{"line":39,"column":64}},"12":{"start":{"line":42,"column":4},"end":{"line":44,"column":5}},"13":{"start":{"line":43,"column":6},"end":{"line":43,"column":65}},"14":{"start":{"line":46,"column":4},"end":{"line":52,"column":5}},"15":{"start":{"line":47,"column":6},"end":{"line":47,"column":62}},"16":{"start":{"line":48,"column":11},"end":{"line":52,"column":5}},"17":{"start":{"line":49,"column":6},"end":{"line":49,"column":62}},"18":{"start":{"line":50,"column":11},"end":{"line":52,"column":5}},"19":{"start":{"line":51,"column":6},"end":{"line":51,"column":65}},"20":{"start":{"line":54,"column":4},"end":{"line":60,"column":5}},"21":{"start":{"line":55,"column":6},"end":{"line":55,"column":65}},"22":{"start":{"line":56,"column":11},"end":{"line":60,"column":5}},"23":{"start":{"line":57,"column":6},"end":{"line":57,"column":65}},"24":{"start":{"line":58,"column":11},"end":{"line":60,"column":5}},"25":{"start":{"line":59,"column":6},"end":{"line":59,"column":68}},"26":{"start":{"line":62,"column":4},"end":{"line":64,"column":5}},"27":{"start":{"line":63,"column":6},"end":{"line":63,"column":60}},"28":{"start":{"line":66,"column":4},"end":{"line":68,"column":5}},"29":{"start":{"line":67,"column":6},"end":{"line":67,"column":64}},"30":{"start":{"line":71,"column":4},"end":{"line":75,"column":5}},"31":{"start":{"line":74,"column":6},"end":{"line":74,"column":55}},"32":{"start":{"line":78,"column":4},"end":{"line":80,"column":5}},"33":{"start":{"line":79,"column":6},"end":{"line":79,"column":56}},"34":{"start":{"line":81,"column":4},"end":{"line":83,"column":5}},"35":{"start":{"line":82,"column":6},"end":{"line":82,"column":56}},"36":{"start":{"line":84,"column":4},"end":{"line":86,"column":5}},"37":{"start":{"line":85,"column":6},"end":{"line":85,"column":52}},"38":{"start":{"line":88,"column":4},"end":{"line":91,"column":6}},"39":{"start":{"line":100,"column":20},"end":{"line":100,"column":55}},"40":{"start":{"line":102,"column":4},"end":{"line":104,"column":7}},"41":{"start":{"line":103,"column":6},"end":{"line":103,"column":47}},"42":{"start":{"line":106,"column":4},"end":{"line":106,"column":19}},"43":{"start":{"line":115,"column":4},"end":{"line":120,"column":5}},"44":{"start":{"line":116,"column":6},"end":{"line":116,"column":19}},"45":{"start":{"line":117,"column":6},"end":{"line":117,"column":18}},"46":{"start":{"line":119,"column":6},"end":{"line":119,"column":19}},"47":{"start":{"line":16,"column":0},"end":{"line":16,"column":13}}},"fnMap":{"0":{"name":"(anonymous_0)","decl":{"start":{"line":22,"column":2},"end":{"line":22,"column":10}},"loc":{"start":{"line":22,"column":23},"end":{"line":92,"column":3}}},"1":{"name":"(anonymous_1)","decl":{"start":{"line":99,"column":2},"end":{"line":99,"column":15}},"loc":{"start":{"line":99,"column":31},"end":{"line":107,"column":3}}},"2":{"name":"(anonymous_2)","decl":{"start":{"line":102,"column":19},"end":{"line":102,"column":20}},"loc":{"start":{"line":102,"column":36},"end":{"line":104,"column":5}}},"3":{"name":"(anonymous_3)","decl":{"start":{"line":114,"column":10},"end":{"line":114,"column":20}},"loc":{"start":{"line":114,"column":32},"end":{"line":121,"column":3}}}},"branchMap":{"0":{"loc":{"start":{"line":26,"column":4},"end":{"line":30,"column":5}},"type":"if","locations":[{"start":{"line":26,"column":4},"end":{"line":30,"column":5}},{"start":{"line":28,"column":11},"end":{"line":30,"column":5}}]},"1":{"loc":{"start":{"line":26,"column":8},"end":{"line":26,"column":53}},"type":"binary-expr","locations":[{"start":{"line":26,"column":8},"end":{"line":26,"column":19}},{"start":{"line":26,"column":23},"end":{"line":26,"column":53}}]},"2":{"loc":{"start":{"line":28,"column":11},"end":{"line":30,"column":5}},"type":"if","locations":[{"start":{"line":28,"column":11},"end":{"line":30,"column":5}},{"start":{},"end":{}}]},"3":{"loc":{"start":{"line":32,"column":4},"end":{"line":36,"column":5}},"type":"if","locations":[{"start":{"line":32,"column":4},"end":{"line":36,"column":5}},{"start":{"line":34,"column":11},"end":{"line":36,"column":5}}]},"4":{"loc":{"start":{"line":32,"column":8},"end":{"line":32,"column":53}},"type":"binary-expr","locations":[{"start":{"line":32,"column":8},"end":{"line":32,"column":19}},{"start":{"line":32,"column":23},"end":{"line":32,"column":53}}]},"5":{"loc":{"start":{"line":34,"column":11},"end":{"line":36,"column":5}},"type":"if","locations":[{"start":{"line":34,"column":11},"end":{"line":36,"column":5}},{"start":{},"end":{}}]},"6":{"loc":{"start":{"line":38,"column":4},"end":{"line":40,"column":5}},"type":"if","locations":[{"start":{"line":38,"column":4},"end":{"line":40,"column":5}},{"start":{},"end":{}}]},"7":{"loc":{"start":{"line":38,"column":8},"end":{"line":38,"column":67}},"type":"binary-expr","locations":[{"start":{"line":38,"column":8},"end":{"line":38,"column":26}},{"start":{"line":38,"column":30},"end":{"line":38,"column":67}}]},"8":{"loc":{"start":{"line":42,"column":4},"end":{"line":44,"column":5}},"type":"if","locations":[{"start":{"line":42,"column":4},"end":{"line":44,"column":5}},{"start":{},"end":{}}]},"9":{"loc":{"start":{"line":42,"column":8},"end":{"line":42,"column":69}},"type":"binary-expr","locations":[{"start":{"line":42,"column":8},"end":{"line":42,"column":27}},{"start":{"line":42,"column":31},"end":{"line":42,"column":69}}]},"10":{"loc":{"start":{"line":46,"column":4},"end":{"line":52,"column":5}},"type":"if","locations":[{"start":{"line":46,"column":4},"end":{"line":52,"column":5}},{"start":{"line":48,"column":11},"end":{"line":52,"column":5}}]},"11":{"loc":{"start":{"line":46,"column":8},"end":{"line":46,"column":63}},"type":"binary-expr","locations":[{"start":{"line":46,"column":8},"end":{"line":46,"column":24}},{"start":{"line":46,"column":28},"end":{"line":46,"column":63}}]},"12":{"loc":{"start":{"line":48,"column":11},"end":{"line":52,"column":5}},"type":"if","locations":[{"start":{"line":48,"column":11},"end":{"line":52,"column":5}},{"start":{"line":50,"column":11},"end":{"line":52,"column":5}}]},"13":{"loc":{"start":{"line":50,"column":11},"end":{"line":52,"column":5}},"type":"if","locations":[{"start":{"line":50,"column":11},"end":{"line":52,"column":5}},{"start":{},"end":{}}]},"14":{"loc":{"start":{"line":54,"column":4},"end":{"line":60,"column":5}},"type":"if","locations":[{"start":{"line":54,"column":4},"end":{"line":60,"column":5}},{"start":{"line":56,"column":11},"end":{"line":60,"column":5}}]},"15":{"loc":{"start":{"line":54,"column":8},"end":{"line":54,"column":77}},"type":"binary-expr","locations":[{"start":{"line":54,"column":8},"end":{"line":54,"column":31}},{"start":{"line":54,"column":35},"end":{"line":54,"column":77}}]},"16":{"loc":{"start":{"line":56,"column":11},"end":{"line":60,"column":5}},"type":"if","locations":[{"start":{"line":56,"column":11},"end":{"line":60,"column":5}},{"start":{"line":58,"column":11},"end":{"line":60,"column":5}}]},"17":{"loc":{"start":{"line":58,"column":11},"end":{"line":60,"column":5}},"type":"if","locations":[{"start":{"line":58,"column":11},"end":{"line":60,"column":5}},{"start":{},"end":{}}]},"18":{"loc":{"start":{"line":62,"column":4},"end":{"line":64,"column":5}},"type":"if","locations":[{"start":{"line":62,"column":4},"end":{"line":64,"column":5}},{"start":{},"end":{}}]},"19":{"loc":{"start":{"line":62,"column":8},"end":{"line":62,"column":69}},"type":"binary-expr","locations":[{"start":{"line":62,"column":8},"end":{"line":62,"column":27}},{"start":{"line":62,"column":31},"end":{"line":62,"column":69}}]},"20":{"loc":{"start":{"line":66,"column":4},"end":{"line":68,"column":5}},"type":"if","locations":[{"start":{"line":66,"column":4},"end":{"line":68,"column":5}},{"start":{},"end":{}}]},"21":{"loc":{"start":{"line":66,"column":8},"end":{"line":66,"column":75}},"type":"binary-expr","locations":[{"start":{"line":66,"column":8},"end":{"line":66,"column":30}},{"start":{"line":66,"column":34},"end":{"line":66,"column":75}}]},"22":{"loc":{"start":{"line":71,"column":4},"end":{"line":75,"column":5}},"type":"if","locations":[{"start":{"line":71,"column":4},"end":{"line":75,"column":5}},{"start":{},"end":{}}]},"23":{"loc":{"start":{"line":71,"column":8},"end":{"line":73,"column":47}},"type":"binary-expr","locations":[{"start":{"line":71,"column":8},"end":{"line":71,"column":51}},{"start":{"line":72,"column":8},"end":{"line":72,"column":51}},{"start":{"line":73,"column":8},"end":{"line":73,"column":47}}]},"24":{"loc":{"start":{"line":78,"column":4},"end":{"line":80,"column":5}},"type":"if","locations":[{"start":{"line":78,"column":4},"end":{"line":80,"column":5}},{"start":{},"end":{}}]},"25":{"loc":{"start":{"line":81,"column":4},"end":{"line":83,"column":5}},"type":"if","locations":[{"start":{"line":81,"column":4},"end":{"line":83,"column":5}},{"start":{},"end":{}}]},"26":{"loc":{"start":{"line":84,"column":4},"end":{"line":86,"column":5}},"type":"if","locations":[{"start":{"line":84,"column":4},"end":{"line":86,"column":5}},{"start":{},"end":{}}]}},"s":{"0":2,"1":30,"2":30,"3":4,"4":26,"5":1,"6":30,"7":1,"8":29,"9":1,"10":30,"11":1,"12":30,"13":1,"14":30,"15":0,"16":30,"17":1,"18":29,"19":1,"20":30,"21":0,"22":30,"23":1,"24":29,"25":1,"26":30,"27":1,"28":30,"29":1,"30":30,"31":1,"32":30,"33":1,"34":30,"35":1,"36":30,"37":1,"38":30,"39":10,"40":10,"41":13,"42":10,"43":58,"44":58,"45":56,"46":2,"47":2},"f":{"0":30,"1":10,"2":13,"3":58},"b":{"0":[4,26],"1":[30,26],"2":[1,25],"3":[1,29],"4":[30,29],"5":[1,28],"6":[1,29],"7":[30,29],"8":[1,29],"9":[30,29],"10":[0,30],"11":[30,30],"12":[1,29],"13":[1,28],"14":[0,30],"15":[30,30],"16":[1,29],"17":[1,28],"18":[1,29],"19":[30,29],"20":[1,29],"21":[30,29],"22":[1,29],"23":[30,1,1],"24":[1,29],"25":[1,29],"26":[1,29]}}
}
