TN:
SF:src/config/providers.config.ts
FN:40,createProviders
FNF:1
FNH:1
FNDA:5,createProviders
DA:2,1
DA:3,1
DA:4,1
DA:5,1
DA:17,1
DA:40,1
DA:41,5
DA:43,5
DA:44,7
DA:45,1
DA:46,1
DA:50,6
DA:51,6
DA:52,5
DA:54,1
DA:71,5
DA:78,1
LF:17
LH:17
BRDA:20,0,0,1
BRDA:20,0,1,1
BRDA:25,1,0,1
BRDA:25,1,1,1
BRDA:44,2,0,1
BRDA:44,2,1,6
BRDA:51,3,0,5
BRDA:51,3,1,1
BRF:8
BRH:8
end_of_record
TN:
SF:src/constants/api.constants.ts
FNF:0
FNH:0
DA:6,6
DA:13,6
DA:20,6
DA:27,6
DA:37,6
LF:5
LH:5
BRF:0
BRH:0
end_of_record
TN:
SF:src/constants/error.constants.ts
FN:18,(anonymous_0)
FN:20,(anonymous_1)
FN:22,(anonymous_2)
FN:24,(anonymous_3)
FN:30,(anonymous_4)
FN:31,(anonymous_5)
FNF:6
FNH:6
FNDA:3,(anonymous_0)
FNDA:1,(anonymous_1)
FNDA:1,(anonymous_2)
FNDA:1,(anonymous_3)
FNDA:2,(anonymous_4)
FNDA:1,(anonymous_5)
DA:6,6
DA:17,6
DA:19,3
DA:21,1
DA:23,1
DA:25,1
DA:29,6
DA:30,2
DA:31,1
LF:9
LH:9
BRF:0
BRH:0
end_of_record
TN:
SF:src/constants/index.ts
FNF:0
FNH:0
DA:6,5
DA:7,5
DA:8,5
DA:9,5
LF:4
LH:4
BRF:0
BRH:0
end_of_record
TN:
SF:src/constants/logging.constants.ts
FN:7,(anonymous_0)
FN:9,(anonymous_1)
FN:11,(anonymous_2)
FN:13,(anonymous_3)
FN:15,(anonymous_4)
FN:17,(anonymous_5)
FN:19,(anonymous_6)
FN:26,(anonymous_7)
FN:27,(anonymous_8)
FN:28,(anonymous_9)
FN:29,(anonymous_10)
FN:30,(anonymous_11)
FN:31,(anonymous_12)
FN:33,(anonymous_13)
FN:34,(anonymous_14)
FN:35,(anonymous_15)
FN:40,(anonymous_16)
FNF:17
FNH:17
FNDA:5,(anonymous_0)
FNDA:11,(anonymous_1)
FNDA:10,(anonymous_2)
FNDA:9,(anonymous_3)
FNDA:7,(anonymous_4)
FNDA:6,(anonymous_5)
FNDA:2,(anonymous_6)
FNDA:7,(anonymous_7)
FNDA:7,(anonymous_8)
FNDA:7,(anonymous_9)
FNDA:11,(anonymous_10)
FNDA:7,(anonymous_11)
FNDA:3,(anonymous_12)
FNDA:5,(anonymous_13)
FNDA:5,(anonymous_14)
FNDA:5,(anonymous_15)
FNDA:2,(anonymous_16)
DA:6,6
DA:8,5
DA:10,11
DA:12,10
DA:14,9
DA:16,7
DA:18,6
DA:20,2
DA:24,6
DA:26,7
DA:27,7
DA:28,7
DA:29,11
DA:30,7
DA:31,3
DA:33,5
DA:34,5
DA:35,5
DA:39,6
DA:41,2
LF:20
LH:20
BRF:0
BRH:0
end_of_record
TN:
SF:src/constants/validation.constants.ts
FNF:0
FNH:0
DA:6,6
DA:16,6
DA:23,6
DA:30,6
LF:4
LH:4
BRF:0
BRH:0
end_of_record
TN:
SF:src/jobs/offer-sync.job.ts
FN:24,(anonymous_0)
FN:34,(anonymous_1)
FN:67,(anonymous_2)
FN:117,(anonymous_3)
FN:148,(anonymous_4)
FN:156,(anonymous_5)
FNF:6
FNH:6
FNDA:9,(anonymous_0)
FNDA:10,(anonymous_1)
FNDA:9,(anonymous_2)
FNDA:4,(anonymous_3)
FNDA:4,(anonymous_4)
FNDA:6,(anonymous_5)
DA:2,1
DA:4,1
DA:5,1
DA:20,1
DA:25,9
DA:26,9
DA:35,10
DA:44,10
DA:46,10
DA:47,10
DA:50,9
DA:51,9
DA:52,9
DA:54,9
DA:55,1
DA:56,1
DA:60,8
DA:61,8
DA:64,8
DA:65,8
DA:67,8
DA:68,9
DA:70,9
DA:71,7
DA:72,7
DA:74,2
DA:78,2
DA:81,2
DA:82,2
DA:83,2
DA:88,8
DA:89,6
DA:90,6
DA:91,6
DA:92,5
DA:93,5
DA:95,1
DA:96,1
DA:97,1
DA:100,2
DA:104,1
DA:105,1
DA:106,1
DA:109,9
DA:118,4
DA:120,4
DA:122,4
DA:123,6
DA:124,6
DA:125,5
DA:127,1
DA:128,1
DA:140,4
DA:142,4
DA:149,4
DA:151,4
DA:152,4
DA:153,4
DA:154,4
DA:156,4
DA:157,6
DA:158,6
DA:159,6
DA:160,6
DA:161,6
DA:163,6
DA:164,2
DA:167,6
DA:168,6
DA:169,6
DA:170,6
DA:173,4
DA:174,4
DA:175,4
DA:176,4
DA:177,4
DA:178,4
LF:77
LH:77
BRDA:54,0,0,1
BRDA:54,0,1,8
BRDA:70,1,0,7
BRDA:70,1,1,2
BRDA:88,2,0,6
BRDA:88,2,1,2
BRDA:95,3,0,1
BRDA:95,3,1,0
BRDA:104,4,0,1
BRDA:104,4,1,0
BRDA:127,5,0,1
BRDA:127,5,1,0
BRDA:134,6,0,1
BRDA:134,6,1,0
BRDA:163,7,0,2
BRDA:163,7,1,4
BRF:16
BRH:12
end_of_record
TN:
SF:src/providers/base.provider.ts
FN:35,(anonymous_0)
FNF:1
FNH:1
FNDA:22,(anonymous_0)
DA:31,3
DA:36,22
LF:2
LH:2
BRF:0
BRH:0
end_of_record
TN:
SF:src/providers/offer1.provider.ts
FN:50,(anonymous_0)
FN:54,(anonymous_1)
FN:64,(anonymous_2)
FN:69,(anonymous_3)
FNF:4
FNH:4
FNDA:13,(anonymous_0)
FNDA:2,(anonymous_1)
FNDA:7,(anonymous_2)
FNDA:5,(anonymous_3)
DA:1,2
DA:2,2
DA:3,2
DA:4,2
DA:5,2
DA:47,2
DA:48,13
DA:51,13
DA:57,2
DA:58,2
DA:59,1
DA:61,1
DA:65,7
DA:66,1
DA:69,6
DA:70,5
DA:72,5
DA:73,5
DA:74,5
DA:75,5
DA:76,5
DA:77,5
DA:78,5
DA:79,5
DA:82,5
DA:83,5
DA:85,5
DA:86,1
DA:87,1
DA:88,1
DA:89,4
DA:90,3
DA:91,3
DA:92,2
DA:93,2
DA:95,1
DA:96,1
DA:100,1
DA:101,1
DA:102,1
DA:105,5
LF:41
LH:41
BRDA:58,0,0,1
BRDA:58,0,1,1
BRDA:65,1,0,1
BRDA:65,1,1,6
BRDA:65,2,0,7
BRDA:65,2,1,6
BRDA:75,3,0,5
BRDA:75,3,1,0
BRDA:76,4,0,5
BRDA:76,4,1,0
BRDA:77,5,0,5
BRDA:77,5,1,0
BRDA:78,6,0,5
BRDA:78,6,1,0
BRDA:85,7,0,1
BRDA:85,7,1,4
BRDA:89,8,0,3
BRDA:89,8,1,1
BRDA:91,9,0,2
BRDA:91,9,1,1
BRF:20
BRH:16
end_of_record
TN:
SF:src/providers/offer2.provider.ts
FN:77,(anonymous_0)
FN:81,(anonymous_1)
FN:95,(anonymous_2)
FN:100,(anonymous_3)
FNF:4
FNH:4
FNDA:9,(anonymous_0)
FNDA:3,(anonymous_1)
FNDA:5,(anonymous_2)
FNDA:3,(anonymous_3)
DA:1,2
DA:2,2
DA:3,2
DA:4,2
DA:5,2
DA:74,2
DA:75,9
DA:78,9
DA:82,3
DA:83,3
DA:84,1
DA:86,2
DA:88,2
DA:89,1
DA:92,1
DA:96,5
DA:97,1
DA:100,4
DA:101,3
DA:102,3
DA:104,3
DA:106,3
DA:107,3
DA:108,3
DA:109,3
DA:110,3
DA:111,3
DA:112,3
DA:113,3
DA:116,3
DA:117,3
DA:118,3
DA:120,3
LF:33
LH:33
BRDA:83,0,0,1
BRDA:83,0,1,2
BRDA:88,1,0,1
BRDA:88,1,1,1
BRDA:96,2,0,1
BRDA:96,2,1,4
BRDA:96,3,0,5
BRDA:96,3,1,4
BRDA:109,4,0,3
BRDA:109,4,1,0
BRDA:110,5,0,3
BRDA:110,5,1,0
BRDA:111,6,0,3
BRDA:111,6,1,0
BRDA:112,7,0,3
BRDA:112,7,1,0
BRDA:116,8,0,2
BRDA:116,8,1,1
BRDA:117,9,0,1
BRDA:117,9,1,2
BRDA:118,10,0,2
BRDA:118,10,1,1
BRF:22
BRH:18
end_of_record
TN:
SF:src/services/offer.service.ts
FN:10,(anonymous_0)
FN:20,(anonymous_1)
FN:41,(anonymous_2)
FN:46,(anonymous_3)
FN:72,(anonymous_4)
FN:83,(anonymous_5)
FNF:6
FNH:6
FNDA:17,(anonymous_0)
FNDA:5,(anonymous_1)
FNDA:6,(anonymous_2)
FNDA:4,(anonymous_3)
FNDA:3,(anonymous_4)
FNDA:3,(anonymous_5)
DA:1,1
DA:7,1
DA:10,17
DA:11,17
DA:22,5
DA:26,4
DA:28,2
DA:29,2
DA:32,2
DA:42,6
DA:43,1
DA:46,5
DA:47,4
DA:48,4
DA:50,4
DA:51,7
DA:55,7
DA:56,3
DA:57,3
DA:59,4
DA:63,3
DA:73,3
DA:84,3
LF:23
LH:23
BRDA:26,0,0,2
BRDA:26,0,1,2
BRDA:42,1,0,1
BRDA:42,1,1,5
BRDA:55,2,0,3
BRDA:55,2,1,4
BRF:6
BRH:6
end_of_record
TN:
SF:src/utils/slug.generator.ts
FN:6,generateSlug
FNF:1
FNH:1
FNDA:17,generateSlug
DA:6,4
DA:7,17
DA:8,3
DA:11,14
LF:4
LH:4
BRDA:7,0,0,3
BRDA:7,0,1,14
BRF:2
BRH:2
end_of_record
TN:
SF:src/validators/offer.validator.ts
FN:22,(anonymous_0)
FN:99,(anonymous_1)
FN:102,(anonymous_2)
FN:114,(anonymous_3)
FNF:4
FNH:4
FNDA:30,(anonymous_0)
FNDA:10,(anonymous_1)
FNDA:13,(anonymous_2)
FNDA:58,(anonymous_3)
DA:2,2
DA:16,2
DA:23,30
DA:26,30
DA:27,4
DA:28,26
DA:29,1
DA:32,30
DA:33,1
DA:34,29
DA:35,1
DA:38,30
DA:39,1
DA:42,30
DA:43,1
DA:46,30
DA:47,0
DA:48,30
DA:49,1
DA:50,29
DA:51,1
DA:54,30
DA:55,0
DA:56,30
DA:57,1
DA:58,29
DA:59,1
DA:62,30
DA:63,1
DA:66,30
DA:67,1
DA:71,30
DA:74,1
DA:78,30
DA:79,1
DA:81,30
DA:82,1
DA:84,30
DA:85,1
DA:88,30
DA:100,10
DA:102,10
DA:103,13
DA:106,10
DA:115,58
DA:116,58
DA:117,56
DA:119,2
LF:48
LH:46
BRDA:26,0,0,4
BRDA:26,0,1,26
BRDA:26,1,0,30
BRDA:26,1,1,26
BRDA:28,2,0,1
BRDA:28,2,1,25
BRDA:32,3,0,1
BRDA:32,3,1,29
BRDA:32,4,0,30
BRDA:32,4,1,29
BRDA:34,5,0,1
BRDA:34,5,1,28
BRDA:38,6,0,1
BRDA:38,6,1,29
BRDA:38,7,0,30
BRDA:38,7,1,29
BRDA:42,8,0,1
BRDA:42,8,1,29
BRDA:42,9,0,30
BRDA:42,9,1,29
BRDA:46,10,0,0
BRDA:46,10,1,30
BRDA:46,11,0,30
BRDA:46,11,1,30
BRDA:48,12,0,1
BRDA:48,12,1,29
BRDA:50,13,0,1
BRDA:50,13,1,28
BRDA:54,14,0,0
BRDA:54,14,1,30
BRDA:54,15,0,30
BRDA:54,15,1,30
BRDA:56,16,0,1
BRDA:56,16,1,29
BRDA:58,17,0,1
BRDA:58,17,1,28
BRDA:62,18,0,1
BRDA:62,18,1,29
BRDA:62,19,0,30
BRDA:62,19,1,29
BRDA:66,20,0,1
BRDA:66,20,1,29
BRDA:66,21,0,30
BRDA:66,21,1,29
BRDA:71,22,0,1
BRDA:71,22,1,29
BRDA:71,23,0,30
BRDA:71,23,1,1
BRDA:71,23,2,1
BRDA:78,24,0,1
BRDA:78,24,1,29
BRDA:81,25,0,1
BRDA:81,25,1,29
BRDA:84,26,0,1
BRDA:84,26,1,29
BRF:55
BRH:53
end_of_record
